<?xml version="1.0" encoding="UTF-8"?>
<!-- Generated by org.testng.reporters.JUnitReportReporter -->
<testsuite hostname="DESKTOP-7S7LCUO" failures="0" tests="1" name="testNG.TestNg3" time="0.085" errors="0" timestamp="2024-10-04T18:35:47 IST" skipped="0">
  <testcase classname="testNG.TestNg3" name="loginTest2" time="0.085"/>
</testsuite> <!-- testNG.TestNg3 -->
