<?xml version="1.0" encoding="UTF-8"?>
<!-- Generated by org.testng.reporters.JUnitReportReporter -->
<testsuite hostname="DESKTOP-7S7LCUO" failures="0" tests="1" name="nopcommerceTest.ProductsTest" time="7.984" errors="0" timestamp="2024-10-08T18:12:15 IST" skipped="0">
  <testcase classname="nopcommerceTest.ProductsTest" name="test1" time="7.984"/>
</testsuite> <!-- nopcommerceTest.ProductsTest -->
