<?xml version="1.0" encoding="UTF-8"?>
<!-- Generated by org.testng.reporters.JUnitReportReporter -->
<testsuite hostname="DESKTOP-7S7LCUO" failures="0" tests="1" name="nopcommerceTest.CurrenetOpeningTest" time="6.740" errors="0" timestamp="2024-10-08T18:41:08 IST" skipped="0">
  <testcase classname="nopcommerceTest.CurrenetOpeningTest" name="test1" time="6.740"/>
</testsuite> <!-- nopcommerceTest.CurrenetOpeningTest -->
