<?xml version="1.0" encoding="UTF-8"?>
<!-- Generated by org.testng.reporters.JUnitReportReporter -->
<testsuite hostname="DESKTOP-7S7LCUO" failures="0" tests="2" name="testNG.TestNgAnnotations" time="15.089" errors="0" timestamp="2024-10-04T18:04:57 IST" skipped="0">
  <testcase classname="testNG.TestNgAnnotations" name="test1" time="5.248"/>
  <testcase classname="testNG.TestNgAnnotations" name="hello" time="9.841"/>
</testsuite> <!-- testNG.TestNgAnnotations -->
