<?xml version="1.0" encoding="UTF-8"?>
<!-- Generated by org.testng.reporters.JUnitReportReporter -->
<testsuite hostname="DESKTOP-7S7LCUO" failures="0" tests="3" name="testNG.DataProvider1" time="47.109" errors="0" timestamp="2024-10-04T19:02:05 IST" skipped="0">
  <testcase classname="testNG.DataProvider1" name="loginWithInvlidCred" time="8.804"/>
  <testcase classname="testNG.DataProvider1" name="loginWithInvlidCred" time="10.751"/>
  <testcase classname="testNG.DataProvider1" name="loginWithInvlidCred" time="27.554"/>
</testsuite> <!-- testNG.DataProvider1 -->
