<?xml version="1.0" encoding="UTF-8"?>
<!-- Generated by org.testng.reporters.JUnitReportReporter -->
<testsuite hostname="DESKTOP-7S7LCUO" failures="0" tests="3" name="testNG.TestNgAnnonationsSimple" time="0.115" errors="0" timestamp="2024-10-04T18:13:57 IST" skipped="0">
  <testcase classname="testNG.TestNgAnnonationsSimple" name="loginTest3" time="0.010"/>
  <testcase classname="testNG.TestNgAnnonationsSimple" name="loginTest2" time="0.011"/>
  <testcase classname="testNG.TestNgAnnonationsSimple" name="loginTest" time="0.094"/>
</testsuite> <!-- testNG.TestNgAnnonationsSimple -->
