<?xml version="1.0" encoding="UTF-8"?>
<!-- Generated by org.testng.reporters.JUnitReportReporter -->
<testsuite hostname="DESKTOP-7S7LCUO" failures="0" tests="4" name="testNG.TestNg4" time="0.156" errors="0" timestamp="2024-10-04T18:45:32 IST" skipped="0">
  <testcase classname="testNG.TestNg4" name="loginTest3" time="0.008"/>
  <testcase classname="testNG.TestNg4" name="loginTest" time="0.134"/>
  <testcase classname="testNG.TestNg4" name="loginTest4" time="0.009"/>
  <testcase classname="testNG.TestNg4" name="loginTest2" time="0.005"/>
</testsuite> <!-- testNG.TestNg4 -->
